<?xml version="1.0" encoding="UTF-8"?>
<!-- Generated by org.testng.reporters.JUnitXMLReporter -->
<testsuite hostname="B2-LAP-GKARTHI2" ignored="0" name="Homepage" tests="3" failures="0" timestamp="14 Apr 2018 11:51:39 GMT" time="70.751" errors="0">
  <testcase name="basePageNavigation" time="25.504" classname="e2e.Homepage"/>
  <testcase name="basePageNavigation" time="12.337" classname="e2e.Homepage"/>
  <testcase name="basePageNavigation" time="24.312" classname="e2e.Homepage"/>
</testsuite> <!-- Homepage -->
