<?xml version="1.0" encoding="UTF-8"?>
<!-- Generated by org.testng.reporters.JUnitXMLReporter -->
<testsuite hostname="B2-LAP-GKARTHI2" ignored="0" name="Homepage" tests="1" failures="1" timestamp="17 Apr 2018 05:33:48 GMT" time="20.255" errors="0">
  <testcase name="basePageNavigation" time="0.0" classname="e2e.Homepage">
    <failure type="org.testng.TestNGException" message="
Some DataProvider public java.lang.Object[][] e2e.Homepage.getData(java.lang.String,java.lang.String,java.lang.String) throws java.io.IOException parameters unresolved:  at 0 type class java.lang.String
 at 1 type class java.lang.String
 at 2 type class java.lang.String
">
      <![CDATA[org.testng.TestNGException: 
Some DataProvider public java.lang.Object[][] e2e.Homepage.getData(java.lang.String,java.lang.String,java.lang.String) throws java.io.IOException parameters unresolved:  at 0 type class java.lang.String
 at 1 type class java.lang.String
 at 2 type class java.lang.String

... Removed 23 stack frames]]>
    </failure>
  </testcase> <!-- basePageNavigation -->
</testsuite> <!-- Homepage -->
