<?xml version="1.0" encoding="UTF-8"?>
<!-- Generated by org.testng.reporters.JUnitXMLReporter -->
<testsuite hostname="B2-LAP-GKARTHI2" ignored="0" name="Home content testing" tests="1" failures="1" timestamp="13 Apr 2018 10:33:11 GMT" time="39.276" errors="0">
  <testcase name="basePageNavigation" time="34.695" classname="e2e.HomeContentTest">
    <failure type="org.sikuli.script.FindFailed" message=" not loaded">
      <![CDATA[FindFailed:  not loaded
  Line 2782, in file Region.java

at org.sikuli.script.Region.wait(Region.java:2782)
at org.sikuli.script.Region.find(Region.java:2329)
at org.sikuli.script.Region.getLocationFromTarget(Region.java:3238)
at org.sikuli.script.Region.click(Region.java:3736)
at e2e.HomeContentTest.basePageNavigation(HomeContentTest.java:40)
... Removed 25 stack frames]]>
    </failure>
  </testcase> <!-- basePageNavigation -->
</testsuite> <!-- Home content testing -->
