<?xml version="1.0" encoding="UTF-8"?>
<!-- Generated by org.testng.reporters.JUnitXMLReporter -->
<testsuite hostname="B2-LAP-GKARTHI2" ignored="0" name="sub category nav" tests="1" failures="1" timestamp="14 Apr 2018 11:52:30 GMT" time="14.891" errors="0">
  <testcase name="basePageNavigation" time="11.783" classname="testcases.SubcategoryNav">
    <failure type="java.lang.NullPointerException">
      <![CDATA[java.lang.NullPointerException
at com.google.common.base.Preconditions.checkNotNull(Preconditions.java:882)
at org.openqa.selenium.interactions.Actions.<init>(Actions.java:68)
at pageObjects.HoverElements.<init>(HoverElements.java:14)
at testcases.SubcategoryNav.basePageNavigation(SubcategoryNav.java:38)
... Removed 25 stack frames]]>
    </failure>
  </testcase> <!-- basePageNavigation -->
</testsuite> <!-- sub category nav -->
