<?xml version="1.0" encoding="UTF-8"?>
<!-- Generated by org.testng.reporters.JUnitXMLReporter -->
<testsuite hostname="B2-LAP-GKARTHI2" ignored="0" tests="0" failures="0" timestamp="07 Apr 2018 18:21:53 GMT" time="0.009" errors="0">
  <testcase name="@AfterTest StopDriver" time="0.001" classname="e2e.Base">
    <failure type="java.lang.NullPointerException">
      <![CDATA[java.lang.NullPointerException
at e2e.Base.StopDriver(Base.java:66)
... Removed 24 stack frames]]>
    </failure>
  </testcase> <!-- @AfterTest StopDriver -->
</testsuite>
