<?xml version="1.0" encoding="UTF-8"?>
<!-- Generated by org.testng.reporters.JUnitXMLReporter -->
<testsuite hostname="B2-LAP-GKARTHI2" ignored="0" name="Validate Title" tests="1" failures="1" timestamp="17 Apr 2018 05:34:18 GMT" time="15.17" errors="0">
  <testcase name="basePageNavigation" time="12.046" classname="testcases.ValidateTitle">
    <failure type="java.lang.AssertionError" message="expected [Christopher &amp;amp; Banks] but found []">
      <![CDATA[java.lang.AssertionError: expected [Christopher & Banks] but found []
at testcases.ValidateTitle.basePageNavigation(ValidateTitle.java:37)
... Removed 31 stack frames]]>
    </failure>
  </testcase> <!-- basePageNavigation -->
</testsuite> <!-- Validate Title -->
