<?xml version="1.0" encoding="UTF-8"?>
<!-- Generated by org.testng.reporters.JUnitXMLReporter -->
<testsuite hostname="B2-LAP-GKARTHI2" ignored="0" name="Contet Test" tests="1" failures="1" timestamp="14 Apr 2018 05:56:47 GMT" time="17.545" errors="0">
  <testcase name="basePageNavigation" time="12.502" classname="e2e.HomeContentTest">
    <failure type="org.sikuli.script.FindFailed" message="Region: doFind: Image not loadable: ">
      <![CDATA[FindFailed: Region: doFind: Image not loadable: 
  Line 2535, in file Region.java

at org.sikuli.script.Region.wait(Region.java:2535)
at org.sikuli.script.Region.find(Region.java:2205)
at org.sikuli.script.Region.getLocationFromTarget(Region.java:3067)
at org.sikuli.script.Region.click(Region.java:3534)
at e2e.HomeContentTest.basePageNavigation(HomeContentTest.java:40)
... Removed 29 stack frames]]>
    </failure>
  </testcase> <!-- basePageNavigation -->
</testsuite> <!-- Contet Test -->
