<?xml version="1.0" encoding="UTF-8"?>
<!-- Generated by org.testng.reporters.JUnitXMLReporter -->
<testsuite hostname="B2-LAP-GKARTHI2" ignored="0" name="Homepage" tests="3" failures="0" timestamp="14 Apr 2018 05:55:42 GMT" time="64.656" errors="0">
  <testcase name="basePageNavigation" time="26.396" classname="e2e.Homepage"/>
  <testcase name="basePageNavigation" time="12.658" classname="e2e.Homepage"/>
  <testcase name="basePageNavigation" time="22.55" classname="e2e.Homepage"/>
</testsuite> <!-- Homepage -->
