<?xml version="1.0" encoding="UTF-8"?>
<!-- Generated by org.testng.reporters.JUnitXMLReporter -->
<testsuite hostname="B2-LAP-GKARTHI2" ignored="0" name="Homepage UI Testcases" tests="3" failures="0" timestamp="23 Apr 2018 17:20:16 GMT" time="32.639" errors="0">
  <testcase name="SiteTitle" time="12.683" classname="testcases.HomepageUITest"/>
  <testcase name="CategoryUI" time="7.987" classname="testcases.HomepageUITest"/>
  <testcase name="HeaderBanner" time="7.601" classname="testcases.HomepageUITest"/>
</testsuite> <!-- Homepage UI Testcases -->
