<?xml version="1.0" encoding="UTF-8"?>
<!-- Generated by org.testng.reporters.JUnitXMLReporter -->
<testsuite hostname="B2-LAP-GKARTHI2" ignored="0" name="Homepage UI Testcases" tests="3" failures="0" timestamp="25 Apr 2018 13:49:19 GMT" time="35.935" errors="0">
  <testcase name="SiteTitle" time="15.231" classname="testcases.HomepageUITest"/>
  <testcase name="CategoryUI" time="8.586" classname="testcases.HomepageUITest"/>
  <testcase name="HeaderBanner" time="7.738" classname="testcases.HomepageUITest"/>
</testsuite> <!-- Homepage UI Testcases -->
