<?xml version="1.0" encoding="UTF-8"?>
<!-- Generated by org.testng.reporters.JUnitXMLReporter -->
<testsuite hostname="B2-LAP-GKARTHI2" ignored="0" name="Validate Login page" tests="3" failures="0" timestamp="23 Apr 2018 17:19:44 GMT" time="46.457" errors="0">
  <testcase name="LoginValidation" time="17.328" classname="testcases.ValidateLogin"/>
  <testcase name="LoginValidation" time="11.12" classname="testcases.ValidateLogin"/>
  <testcase name="LoginValidation" time="12.979" classname="testcases.ValidateLogin"/>
</testsuite> <!-- Validate Login page -->
