<?xml version="1.0" encoding="UTF-8"?>
<!-- Generated by org.testng.reporters.JUnitXMLReporter -->
<testsuite hostname="B2-LAP-GKARTHI2" ignored="0" name="Validate Login page" tests="3" failures="0" timestamp="25 Apr 2018 13:48:43 GMT" time="55.593" errors="0">
  <testcase name="LoginValidation" time="16.939" classname="testcases.ValidateLogin"/>
  <testcase name="LoginValidation" time="12.11" classname="testcases.ValidateLogin"/>
  <testcase name="LoginValidation" time="19.338" classname="testcases.ValidateLogin"/>
</testsuite> <!-- Validate Login page -->
