<?xml version="1.0" encoding="UTF-8"?>
<testng-results skipped="0" failed="1" ignored="0" total="13" passed="12">
  <reporter-output>
  </reporter-output>
  <suite name="Suite" duration-ms="388460" started-at="2018-04-23T17:17:35Z" finished-at="2018-04-23T17:24:03Z">
    <groups>
    </groups>
    <test name="Category Navigation" duration-ms="25243" started-at="2018-04-23T17:17:35Z" finished-at="2018-04-23T17:18:00Z">
      <class name="testcases.CategoryNavigation">
        <test-method status="PASS" signature="intialize()[pri:0, instance:testcases.CategoryNavigation@78691363]" name="intialize" is-config="true" duration-ms="6479" started-at="2018-04-23T17:17:35Z" finished-at="2018-04-23T17:17:41Z">
          <reporter-output>
          </reporter-output>
        </test-method> <!-- intialize -->
        <test-method status="PASS" signature="CategoryPageNavigation()[pri:0, instance:testcases.CategoryNavigation@78691363]" name="CategoryPageNavigation" duration-ms="18442" started-at="2018-04-23T17:17:41Z" finished-at="2018-04-23T17:18:00Z">
          <reporter-output>
          </reporter-output>
        </test-method> <!-- CategoryPageNavigation -->
        <test-method status="PASS" signature="teardown()[pri:0, instance:testcases.CategoryNavigation@78691363]" name="teardown" is-config="true" duration-ms="301" started-at="2018-04-23T17:18:00Z" finished-at="2018-04-23T17:18:00Z">
          <reporter-output>
          </reporter-output>
        </test-method> <!-- teardown -->
      </class> <!-- testcases.CategoryNavigation -->
    </test> <!-- Category Navigation -->
    <test name="sub category nav" duration-ms="25299" started-at="2018-04-23T17:18:00Z" finished-at="2018-04-23T17:18:25Z">
      <class name="testcases.SubcategoryNav">
        <test-method status="PASS" signature="intialize()[pri:0, instance:testcases.SubcategoryNav@292b08d6]" name="intialize" is-config="true" duration-ms="4068" started-at="2018-04-23T17:18:00Z" finished-at="2018-04-23T17:18:04Z">
          <reporter-output>
          </reporter-output>
        </test-method> <!-- intialize -->
        <test-method status="PASS" signature="SubcategorypageNavigation()[pri:0, instance:testcases.SubcategoryNav@292b08d6]" name="SubcategorypageNavigation" duration-ms="20855" started-at="2018-04-23T17:18:04Z" finished-at="2018-04-23T17:18:25Z">
          <reporter-output>
          </reporter-output>
        </test-method> <!-- SubcategorypageNavigation -->
        <test-method status="PASS" signature="teardown()[pri:0, instance:testcases.SubcategoryNav@292b08d6]" name="teardown" is-config="true" duration-ms="375" started-at="2018-04-23T17:18:25Z" finished-at="2018-04-23T17:18:25Z">
          <reporter-output>
          </reporter-output>
        </test-method> <!-- teardown -->
      </class> <!-- testcases.SubcategoryNav -->
    </test> <!-- sub category nav -->
    <test name="Validate Title" duration-ms="15840" started-at="2018-04-23T17:18:25Z" finished-at="2018-04-23T17:18:41Z">
      <class name="testcases.ValidateTitle">
        <test-method status="PASS" signature="intialize()[pri:0, instance:testcases.ValidateTitle@38425407]" name="intialize" is-config="true" duration-ms="4188" started-at="2018-04-23T17:18:25Z" finished-at="2018-04-23T17:18:30Z">
          <reporter-output>
          </reporter-output>
        </test-method> <!-- intialize -->
        <test-method status="PASS" signature="TitleValidation()[pri:0, instance:testcases.ValidateTitle@38425407]" name="TitleValidation" duration-ms="11402" started-at="2018-04-23T17:18:30Z" finished-at="2018-04-23T17:18:41Z">
          <reporter-output>
          </reporter-output>
        </test-method> <!-- TitleValidation -->
        <test-method status="PASS" signature="teardown()[pri:0, instance:testcases.ValidateTitle@38425407]" name="teardown" is-config="true" duration-ms="235" started-at="2018-04-23T17:18:41Z" finished-at="2018-04-23T17:18:41Z">
          <reporter-output>
          </reporter-output>
        </test-method> <!-- teardown -->
      </class> <!-- testcases.ValidateTitle -->
    </test> <!-- Validate Title -->
    <test name="Validation Nav Bar" duration-ms="15815" started-at="2018-04-23T17:18:41Z" finished-at="2018-04-23T17:18:57Z">
      <class name="testcases.ValidateNavBar">
        <test-method status="PASS" signature="intialize()[pri:0, instance:testcases.ValidateNavBar@2d1ef81a]" name="intialize" is-config="true" duration-ms="2470" started-at="2018-04-23T17:18:41Z" finished-at="2018-04-23T17:18:44Z">
          <reporter-output>
          </reporter-output>
        </test-method> <!-- intialize -->
        <test-method status="PASS" signature="NavigationBarValidation()[pri:0, instance:testcases.ValidateNavBar@2d1ef81a]" name="NavigationBarValidation" duration-ms="13179" started-at="2018-04-23T17:18:44Z" finished-at="2018-04-23T17:18:57Z">
          <reporter-output>
          </reporter-output>
        </test-method> <!-- NavigationBarValidation -->
        <test-method status="PASS" signature="teardown()[pri:0, instance:testcases.ValidateNavBar@2d1ef81a]" name="teardown" is-config="true" duration-ms="166" started-at="2018-04-23T17:18:57Z" finished-at="2018-04-23T17:18:57Z">
          <reporter-output>
          </reporter-output>
        </test-method> <!-- teardown -->
      </class> <!-- testcases.ValidateNavBar -->
    </test> <!-- Validation Nav Bar -->
    <test name="Validate Login page" duration-ms="46457" started-at="2018-04-23T17:18:57Z" finished-at="2018-04-23T17:19:44Z">
      <class name="testcases.ValidateLogin">
        <test-method status="PASS" signature="intialize()[pri:0, instance:testcases.ValidateLogin@5542c4ed]" name="intialize" is-config="true" duration-ms="4136" started-at="2018-04-23T17:18:57Z" finished-at="2018-04-23T17:19:01Z">
          <reporter-output>
          </reporter-output>
        </test-method> <!-- intialize -->
        <test-method status="PASS" signature="LoginValidation(java.lang.String, java.lang.String)[pri:0, instance:testcases.ValidateLogin@5542c4ed]" name="LoginValidation" duration-ms="17328" started-at="2018-04-23T17:19:02Z" data-provider="getData" finished-at="2018-04-23T17:19:19Z">
          <params>
            <param index="0">
              <value>
                <![CDATA[kgautam@pfsweb.com]]>
              </value>
            </param>
            <param index="1">
              <value>
                <![CDATA[India@123]]>
              </value>
            </param>
          </params>
          <reporter-output>
          </reporter-output>
        </test-method> <!-- LoginValidation -->
        <test-method status="PASS" signature="LoginValidation(java.lang.String, java.lang.String)[pri:0, instance:testcases.ValidateLogin@5542c4ed]" name="LoginValidation" duration-ms="11120" started-at="2018-04-23T17:19:19Z" data-provider="getData" finished-at="2018-04-23T17:19:30Z">
          <params>
            <param index="0">
              <value>
                <![CDATA[dsingh@pfsweb.com]]>
              </value>
            </param>
            <param index="1">
              <value>
                <![CDATA[India@123]]>
              </value>
            </param>
          </params>
          <reporter-output>
          </reporter-output>
        </test-method> <!-- LoginValidation -->
        <test-method status="PASS" signature="LoginValidation(java.lang.String, java.lang.String)[pri:0, instance:testcases.ValidateLogin@5542c4ed]" name="LoginValidation" duration-ms="12979" started-at="2018-04-23T17:19:30Z" data-provider="getData" finished-at="2018-04-23T17:19:43Z">
          <params>
            <param index="0">
              <value>
                <![CDATA[neelima@rev.com]]>
              </value>
            </param>
            <param index="1">
              <value>
                <![CDATA[Jesuscom5]]>
              </value>
            </param>
          </params>
          <reporter-output>
          </reporter-output>
        </test-method> <!-- LoginValidation -->
        <test-method status="PASS" signature="teardown()[pri:0, instance:testcases.ValidateLogin@5542c4ed]" name="teardown" is-config="true" duration-ms="246" started-at="2018-04-23T17:19:43Z" finished-at="2018-04-23T17:19:44Z">
          <reporter-output>
          </reporter-output>
        </test-method> <!-- teardown -->
      </class> <!-- testcases.ValidateLogin -->
    </test> <!-- Validate Login page -->
    <test name="Homepage UI Testcases" duration-ms="32639" started-at="2018-04-23T17:19:44Z" finished-at="2018-04-23T17:20:16Z">
      <class name="testcases.HomepageUITest">
        <test-method status="PASS" signature="intialize()[pri:0, instance:testcases.HomepageUITest@7dcf94f8]" name="intialize" is-config="true" duration-ms="4117" started-at="2018-04-23T17:19:44Z" finished-at="2018-04-23T17:19:48Z">
          <reporter-output>
          </reporter-output>
        </test-method> <!-- intialize -->
        <test-method status="PASS" signature="SiteTitle()[pri:1, instance:testcases.HomepageUITest@7dcf94f8]" name="SiteTitle" duration-ms="12683" started-at="2018-04-23T17:19:48Z" finished-at="2018-04-23T17:20:00Z">
          <reporter-output>
          </reporter-output>
        </test-method> <!-- SiteTitle -->
        <test-method status="PASS" signature="CategoryUI()[pri:2, instance:testcases.HomepageUITest@7dcf94f8]" name="CategoryUI" duration-ms="7987" started-at="2018-04-23T17:20:00Z" finished-at="2018-04-23T17:20:08Z">
          <reporter-output>
          </reporter-output>
        </test-method> <!-- CategoryUI -->
        <test-method status="PASS" signature="HeaderBanner()[pri:3, instance:testcases.HomepageUITest@7dcf94f8]" name="HeaderBanner" duration-ms="7601" started-at="2018-04-23T17:20:08Z" finished-at="2018-04-23T17:20:16Z">
          <reporter-output>
          </reporter-output>
        </test-method> <!-- HeaderBanner -->
        <test-method status="PASS" signature="teardown()[pri:0, instance:testcases.HomepageUITest@7dcf94f8]" name="teardown" is-config="true" duration-ms="250" started-at="2018-04-23T17:20:16Z" finished-at="2018-04-23T17:20:16Z">
          <reporter-output>
          </reporter-output>
        </test-method> <!-- teardown -->
      </class> <!-- testcases.HomepageUITest -->
    </test> <!-- Homepage UI Testcases -->
    <test name=" Category page validation" duration-ms="170313" started-at="2018-04-23T17:20:16Z" finished-at="2018-04-23T17:23:07Z">
      <class name="testcases.CategorypageValidation">
        <test-method status="PASS" signature="intialize()[pri:0, instance:testcases.CategorypageValidation@77c2494c]" name="intialize" is-config="true" duration-ms="4135" started-at="2018-04-23T17:20:16Z" finished-at="2018-04-23T17:20:20Z">
          <reporter-output>
          </reporter-output>
        </test-method> <!-- intialize -->
        <test-method status="PASS" signature="CategoryPageValidation()[pri:0, instance:testcases.CategorypageValidation@77c2494c]" name="CategoryPageValidation" duration-ms="163806" started-at="2018-04-23T17:20:20Z" finished-at="2018-04-23T17:23:04Z">
          <reporter-output>
          </reporter-output>
        </test-method> <!-- CategoryPageValidation -->
        <test-method status="PASS" signature="teardown()[pri:0, instance:testcases.CategorypageValidation@77c2494c]" name="teardown" is-config="true" duration-ms="2371" started-at="2018-04-23T17:23:04Z" finished-at="2018-04-23T17:23:07Z">
          <reporter-output>
          </reporter-output>
        </test-method> <!-- teardown -->
      </class> <!-- testcases.CategorypageValidation -->
    </test> <!--  Category page validation -->
    <test name=" PDP navigation" duration-ms="25281" started-at="2018-04-23T17:23:07Z" finished-at="2018-04-23T17:23:32Z">
      <class name="testcases.PDPNavigation">
        <test-method status="PASS" signature="intialize()[pri:0, instance:testcases.PDPNavigation@179ece50]" name="intialize" is-config="true" duration-ms="4375" started-at="2018-04-23T17:23:07Z" finished-at="2018-04-23T17:23:11Z">
          <reporter-output>
          </reporter-output>
        </test-method> <!-- intialize -->
        <test-method status="FAIL" signature="ProductpageNavigation()[pri:0, instance:testcases.PDPNavigation@179ece50]" name="ProductpageNavigation" duration-ms="20061" started-at="2018-04-23T17:23:11Z" finished-at="2018-04-23T17:23:31Z">
          <exception class="org.openqa.selenium.TimeoutException">
            <message>
              <![CDATA[timeout
  (Session info: chrome=65.0.3325.181)
  (Driver info: chromedriver=2.36.540470 (e522d04694c7ebea4ba8821272dbef4f9b818c91),platform=Windows NT 6.1.7601 SP1 x86_64) (WARNING: The server did not provide any stacktrace information)
Command duration or timeout: 0 milliseconds
Build info: version: '3.11.0', revision: 'e59cfb3', time: '2018-03-11T20:26:55.152Z'
System info: host: 'B2-LAP-GKARTHI2', ip: '192.168.1.3', os.name: 'Windows 7', os.arch: 'amd64', os.version: '6.1', java.version: '1.8.0_45'
Driver info: org.openqa.selenium.chrome.ChromeDriver
Capabilities {acceptInsecureCerts: false, acceptSslCerts: false, applicationCacheEnabled: false, browserConnectionEnabled: false, browserName: chrome, chrome: {chromedriverVersion: 2.36.540470 (e522d04694c7eb..., userDataDir: C:\Users\kgautam\AppData\Lo...}, cssSelectorsEnabled: true, databaseEnabled: false, handlesAlerts: true, hasTouchScreen: false, javascriptEnabled: true, locationContextEnabled: true, mobileEmulationEnabled: false, nativeEvents: true, networkConnectionEnabled: false, pageLoadStrategy: normal, platform: XP, platformName: XP, rotatable: false, setWindowRect: true, takesHeapSnapshot: true, takesScreenshot: true, unexpectedAlertBehaviour: , unhandledPromptBehavior: , version: 65.0.3325.181, webStorageEnabled: true}
Session ID: 9ebd8a63dcf821592df3d9de6f1ab4a8]]>
            </message>
            <full-stacktrace>
              <![CDATA[org.openqa.selenium.TimeoutException: timeout
  (Session info: chrome=65.0.3325.181)
  (Driver info: chromedriver=2.36.540470 (e522d04694c7ebea4ba8821272dbef4f9b818c91),platform=Windows NT 6.1.7601 SP1 x86_64) (WARNING: The server did not provide any stacktrace information)
Command duration or timeout: 0 milliseconds
Build info: version: '3.11.0', revision: 'e59cfb3', time: '2018-03-11T20:26:55.152Z'
System info: host: 'B2-LAP-GKARTHI2', ip: '192.168.1.3', os.name: 'Windows 7', os.arch: 'amd64', os.version: '6.1', java.version: '1.8.0_45'
Driver info: org.openqa.selenium.chrome.ChromeDriver
Capabilities {acceptInsecureCerts: false, acceptSslCerts: false, applicationCacheEnabled: false, browserConnectionEnabled: false, browserName: chrome, chrome: {chromedriverVersion: 2.36.540470 (e522d04694c7eb..., userDataDir: C:\Users\kgautam\AppData\Lo...}, cssSelectorsEnabled: true, databaseEnabled: false, handlesAlerts: true, hasTouchScreen: false, javascriptEnabled: true, locationContextEnabled: true, mobileEmulationEnabled: false, nativeEvents: true, networkConnectionEnabled: false, pageLoadStrategy: normal, platform: XP, platformName: XP, rotatable: false, setWindowRect: true, takesHeapSnapshot: true, takesScreenshot: true, unexpectedAlertBehaviour: , unhandledPromptBehavior: , version: 65.0.3325.181, webStorageEnabled: true}
Session ID: 9ebd8a63dcf821592df3d9de6f1ab4a8
at sun.reflect.NativeConstructorAccessorImpl.newInstance0(Native Method)
at sun.reflect.NativeConstructorAccessorImpl.newInstance(NativeConstructorAccessorImpl.java:62)
at sun.reflect.DelegatingConstructorAccessorImpl.newInstance(DelegatingConstructorAccessorImpl.java:45)
at java.lang.reflect.Constructor.newInstance(Constructor.java:422)
at org.openqa.selenium.remote.ErrorHandler.createThrowable(ErrorHandler.java:214)
at org.openqa.selenium.remote.ErrorHandler.throwIfResponseFailed(ErrorHandler.java:166)
at org.openqa.selenium.remote.http.JsonHttpResponseCodec.reconstructValue(JsonHttpResponseCodec.java:40)
at org.openqa.selenium.remote.http.AbstractHttpResponseCodec.decode(AbstractHttpResponseCodec.java:80)
at org.openqa.selenium.remote.http.AbstractHttpResponseCodec.decode(AbstractHttpResponseCodec.java:44)
at org.openqa.selenium.remote.HttpCommandExecutor.execute(HttpCommandExecutor.java:158)
at org.openqa.selenium.remote.service.DriverCommandExecutor.execute(DriverCommandExecutor.java:83)
at org.openqa.selenium.remote.RemoteWebDriver.execute(RemoteWebDriver.java:545)
at org.openqa.selenium.remote.RemoteWebDriver.get(RemoteWebDriver.java:273)
at testcases.PDPNavigation.ProductpageNavigation(PDPNavigation.java:44)
at sun.reflect.NativeMethodAccessorImpl.invoke0(Native Method)
at sun.reflect.NativeMethodAccessorImpl.invoke(NativeMethodAccessorImpl.java:62)
at sun.reflect.DelegatingMethodAccessorImpl.invoke(DelegatingMethodAccessorImpl.java:43)
at java.lang.reflect.Method.invoke(Method.java:497)
at org.testng.internal.MethodInvocationHelper.invokeMethod(MethodInvocationHelper.java:124)
at org.testng.internal.Invoker.invokeMethod(Invoker.java:583)
at org.testng.internal.Invoker.invokeTestMethod(Invoker.java:719)
at org.testng.internal.Invoker.invokeTestMethods(Invoker.java:989)
at org.testng.internal.TestMethodWorker.invokeTestMethods(TestMethodWorker.java:125)
at org.testng.internal.TestMethodWorker.run(TestMethodWorker.java:109)
at org.testng.TestRunner.privateRun(TestRunner.java:648)
at org.testng.TestRunner.run(TestRunner.java:505)
at org.testng.SuiteRunner.runTest(SuiteRunner.java:455)
at org.testng.SuiteRunner.runSequentially(SuiteRunner.java:450)
at org.testng.SuiteRunner.privateRun(SuiteRunner.java:415)
at org.testng.SuiteRunner.run(SuiteRunner.java:364)
at org.testng.SuiteRunnerWorker.runSuite(SuiteRunnerWorker.java:52)
at org.testng.SuiteRunnerWorker.run(SuiteRunnerWorker.java:84)
at org.testng.TestNG.runSuitesSequentially(TestNG.java:1208)
at org.testng.TestNG.runSuitesLocally(TestNG.java:1137)
at org.testng.TestNG.runSuites(TestNG.java:1049)
at org.testng.TestNG.run(TestNG.java:1017)
at org.apache.maven.surefire.testng.TestNGExecutor.run(TestNGExecutor.java:283)
at org.apache.maven.surefire.testng.TestNGXmlTestSuite.execute(TestNGXmlTestSuite.java:75)
at org.apache.maven.surefire.testng.TestNGProvider.invoke(TestNGProvider.java:120)
at org.apache.maven.surefire.booter.ForkedBooter.invokeProviderInSameClassLoader(ForkedBooter.java:379)
at org.apache.maven.surefire.booter.ForkedBooter.runSuitesInProcess(ForkedBooter.java:340)
at org.apache.maven.surefire.booter.ForkedBooter.execute(ForkedBooter.java:125)
at org.apache.maven.surefire.booter.ForkedBooter.main(ForkedBooter.java:413)
]]>
            </full-stacktrace>
          </exception> <!-- org.openqa.selenium.TimeoutException -->
          <reporter-output>
          </reporter-output>
        </test-method> <!-- ProductpageNavigation -->
        <test-method status="PASS" signature="teardown()[pri:0, instance:testcases.PDPNavigation@179ece50]" name="teardown" is-config="true" duration-ms="287" started-at="2018-04-23T17:23:32Z" finished-at="2018-04-23T17:23:32Z">
          <reporter-output>
          </reporter-output>
        </test-method> <!-- teardown -->
      </class> <!-- testcases.PDPNavigation -->
    </test> <!--  PDP navigation -->
    <test name=" PDP validation" duration-ms="31353" started-at="2018-04-23T17:23:32Z" finished-at="2018-04-23T17:24:03Z">
      <class name="testcases.PDPValidation">
        <test-method status="PASS" signature="intialize()[pri:0, instance:testcases.PDPValidation@74e52ef6]" name="intialize" is-config="true" duration-ms="4143" started-at="2018-04-23T17:23:32Z" finished-at="2018-04-23T17:23:36Z">
          <reporter-output>
          </reporter-output>
        </test-method> <!-- intialize -->
        <test-method status="PASS" signature="ProductPageValidation()[pri:0, instance:testcases.PDPValidation@74e52ef6]" name="ProductPageValidation" duration-ms="24958" started-at="2018-04-23T17:23:36Z" finished-at="2018-04-23T17:24:01Z">
          <reporter-output>
          </reporter-output>
        </test-method> <!-- ProductPageValidation -->
        <test-method status="PASS" signature="teardown()[pri:0, instance:testcases.PDPValidation@74e52ef6]" name="teardown" is-config="true" duration-ms="2249" started-at="2018-04-23T17:24:01Z" finished-at="2018-04-23T17:24:03Z">
          <reporter-output>
          </reporter-output>
        </test-method> <!-- teardown -->
      </class> <!-- testcases.PDPValidation -->
    </test> <!--  PDP validation -->
  </suite> <!-- Suite -->
</testng-results>
