<?xml version="1.0" encoding="UTF-8"?>
<testsuite xmlns:xsi="http://www.w3.org/2001/XMLSchema-instance" xsi:noNamespaceSchemaLocation="https://maven.apache.org/surefire/maven-surefire-plugin/xsd/surefire-test-report.xsd" name="TestSuite" time="390.867" tests="13" errors="0" skipped="0" failures="1">
  <properties>
[...]
</properties>
  <testcase name="CategoryPageNavigation" classname="testcases.CategoryNavigation" time="18.443"/>
  <testcase name="SubcategorypageNavigation" classname="testcases.SubcategoryNav" time="20.856"/>
  <testcase name="TitleValidation" classname="testcases.ValidateTitle" time="11.402"/>
  <testcase name="NavigationBarValidation" classname="testcases.ValidateNavBar" time="13.164"/>
  <testcase name="LoginValidation" classname="testcases.ValidateLogin" time="17.328"/>
  <testcase name="LoginValidation" classname="testcases.ValidateLogin" time="17.328"/>
  <testcase name="LoginValidation" classname="testcases.ValidateLogin" time="17.328"/>
  <testcase name="SiteTitle" classname="testcases.HomepageUITest" time="12.691"/>
  <testcase name="CategoryUI" classname="testcases.HomepageUITest" time="7.98"/>
  <testcase name="HeaderBanner" classname="testcases.HomepageUITest" time="7.603"/>
  <testcase name="CategoryPageValidation" classname="testcases.CategorypageValidation" time="163.81"/>
  <testcase name="ProductpageNavigation" classname="testcases.PDPNavigation" time="20.618">
    <failure message="timeout&#10;  (Session info: chrome=65.0.3325.181)&#10;  (Driver info: chromedriver=2.36.540470 (e522d04694c7ebea4ba8821272dbef4f9b818c91),platform=Windows NT 6.1.7601 SP1 x86_64) (WARNING: The server did not provide any stacktrace information)&#10;Command duration or timeout: 0 milliseconds&#10;Build info: version: &apos;3.11.0&apos;, revision: &apos;e59cfb3&apos;, time: &apos;2018-03-11T20:26:55.152Z&apos;&#10;System info: host: &apos;B2-LAP-GKARTHI2&apos;, ip: &apos;192.168.1.3&apos;, os.name: &apos;Windows 7&apos;, os.arch: &apos;amd64&apos;, os.version: &apos;6.1&apos;, java.version: &apos;1.8.0_45&apos;&#10;Driver info: org.openqa.selenium.chrome.ChromeDriver&#10;Capabilities {acceptInsecureCerts: false, acceptSslCerts: false, applicationCacheEnabled: false, browserConnectionEnabled: false, browserName: chrome, chrome: {chromedriverVersion: 2.36.540470 (e522d04694c7eb..., userDataDir: C:\Users\kgautam\AppData\Lo...}, cssSelectorsEnabled: true, databaseEnabled: false, handlesAlerts: true, hasTouchScreen: false, javascriptEnabled: true, locationContextEnabled: true, mobileEmulationEnabled: false, nativeEvents: true, networkConnectionEnabled: false, pageLoadStrategy: normal, platform: XP, platformName: XP, rotatable: false, setWindowRect: true, takesHeapSnapshot: true, takesScreenshot: true, unexpectedAlertBehaviour: , unhandledPromptBehavior: , version: 65.0.3325.181, webStorageEnabled: true}&#10;Session ID: 9ebd8a63dcf821592df3d9de6f1ab4a8" type="org.openqa.selenium.TimeoutException">org.openqa.selenium.TimeoutException: 
timeout
  (Session info: chrome=65.0.3325.181)
  (Driver info: chromedriver=2.36.540470 (e522d04694c7ebea4ba8821272dbef4f9b818c91),platform=Windows NT 6.1.7601 SP1 x86_64) (WARNING: The server did not provide any stacktrace information)
Command duration or timeout: 0 milliseconds
Build info: version: '3.11.0', revision: 'e59cfb3', time: '2018-03-11T20:26:55.152Z'
System info: host: 'B2-LAP-GKARTHI2', ip: '192.168.1.3', os.name: 'Windows 7', os.arch: 'amd64', os.version: '6.1', java.version: '1.8.0_45'
Driver info: org.openqa.selenium.chrome.ChromeDriver
Capabilities {acceptInsecureCerts: false, acceptSslCerts: false, applicationCacheEnabled: false, browserConnectionEnabled: false, browserName: chrome, chrome: {chromedriverVersion: 2.36.540470 (e522d04694c7eb..., userDataDir: C:\Users\kgautam\AppData\Lo...}, cssSelectorsEnabled: true, databaseEnabled: false, handlesAlerts: true, hasTouchScreen: false, javascriptEnabled: true, locationContextEnabled: true, mobileEmulationEnabled: false, nativeEvents: true, networkConnectionEnabled: false, pageLoadStrategy: normal, platform: XP, platformName: XP, rotatable: false, setWindowRect: true, takesHeapSnapshot: true, takesScreenshot: true, unexpectedAlertBehaviour: , unhandledPromptBehavior: , version: 65.0.3325.181, webStorageEnabled: true}
Session ID: 9ebd8a63dcf821592df3d9de6f1ab4a8
	at testcases.PDPNavigation.ProductpageNavigation(PDPNavigation.java:44)
</failure>
    <system-out><![CDATA[chrome
]]></system-out>
    <system-err><![CDATA[Starting ChromeDriver 2.36.540470 (e522d04694c7ebea4ba8821272dbef4f9b818c91) on port 39214
Only local connections are allowed.
Apr 23, 2018 10:53:09 PM org.openqa.selenium.remote.ProtocolHandshake createSession
INFO: Detected dialect: OSS
[1524504211.435][SEVERE]: Timed out receiving message from renderer: 15.482
[1524504211.453][SEVERE]: Timed out receiving message from renderer: -0.018
]]></system-err>
  </testcase>
  <testcase name="ProductPageValidation" classname="testcases.PDPValidation" time="24.957"/>
</testsuite>