<?xml version="1.0" encoding="UTF-8"?>
<testng-results skipped="0" failed="1" ignored="0" total="1" passed="0">
  <reporter-output>
  </reporter-output>
  <suite name="Default suite" duration-ms="23538" started-at="2018-04-16T07:30:09Z" finished-at="2018-04-16T07:30:33Z">
    <groups>
    </groups>
    <test name="Default test" duration-ms="23538" started-at="2018-04-16T07:30:09Z" finished-at="2018-04-16T07:30:33Z">
      <class name="e2e.Homepage">
        <test-method status="PASS" signature="intialize()[pri:0, instance:e2e.Homepage@51c668e3]" name="intialize" is-config="true" duration-ms="23175" started-at="2018-04-16T07:30:09Z" finished-at="2018-04-16T07:30:33Z">
          <reporter-output>
          </reporter-output>
        </test-method> <!-- intialize -->
        <test-method status="FAIL" signature="basePageNavigation(java.lang.String, java.lang.String, java.lang.String)[pri:0, instance:e2e.Homepage@51c668e3]" name="basePageNavigation" duration-ms="0" started-at="2018-04-16T07:30:33Z" data-provider="getData" finished-at="2018-04-16T07:30:33Z">
          <exception class="org.testng.TestNGException">
            <message>
              <![CDATA[
Some DataProvider public java.lang.Object[][] e2e.Homepage.getData(java.lang.String,java.lang.String,java.lang.String) throws java.io.IOException parameters unresolved:  at 0 type class java.lang.String
 at 1 type class java.lang.String
 at 2 type class java.lang.String
]]>
            </message>
            <full-stacktrace>
              <![CDATA[org.testng.TestNGException: 
Some DataProvider public java.lang.Object[][] e2e.Homepage.getData(java.lang.String,java.lang.String,java.lang.String) throws java.io.IOException parameters unresolved:  at 0 type class java.lang.String
 at 1 type class java.lang.String
 at 2 type class java.lang.String

at org.testng.internal.MethodInvocationHelper.getParameters(MethodInvocationHelper.java:197)
at org.testng.internal.MethodInvocationHelper.invokeDataProvider(MethodInvocationHelper.java:130)
at org.testng.internal.Parameters.handleParameters(Parameters.java:706)
at org.testng.internal.ParameterHandler.handleParameters(ParameterHandler.java:49)
at org.testng.internal.ParameterHandler.createParameters(ParameterHandler.java:37)
at org.testng.internal.Invoker.invokeTestMethods(Invoker.java:924)
at org.testng.internal.TestMethodWorker.invokeTestMethods(TestMethodWorker.java:125)
at org.testng.internal.TestMethodWorker.run(TestMethodWorker.java:109)
at org.testng.TestRunner.privateRun(TestRunner.java:648)
at org.testng.TestRunner.run(TestRunner.java:505)
at org.testng.SuiteRunner.runTest(SuiteRunner.java:455)
at org.testng.SuiteRunner.runSequentially(SuiteRunner.java:450)
at org.testng.SuiteRunner.privateRun(SuiteRunner.java:415)
at org.testng.SuiteRunner.run(SuiteRunner.java:364)
at org.testng.SuiteRunnerWorker.runSuite(SuiteRunnerWorker.java:52)
at org.testng.SuiteRunnerWorker.run(SuiteRunnerWorker.java:84)
at org.testng.TestNG.runSuitesSequentially(TestNG.java:1208)
at org.testng.TestNG.runSuitesLocally(TestNG.java:1137)
at org.testng.TestNG.runSuites(TestNG.java:1049)
at org.testng.TestNG.run(TestNG.java:1017)
at org.testng.remote.AbstractRemoteTestNG.run(AbstractRemoteTestNG.java:114)
at org.testng.remote.RemoteTestNG.initAndRun(RemoteTestNG.java:251)
at org.testng.remote.RemoteTestNG.main(RemoteTestNG.java:77)
]]>
            </full-stacktrace>
          </exception> <!-- org.testng.TestNGException -->
          <reporter-output>
          </reporter-output>
        </test-method> <!-- basePageNavigation -->
        <test-method status="PASS" signature="teardown()[pri:0, instance:e2e.Homepage@51c668e3]" name="teardown" is-config="true" duration-ms="304" started-at="2018-04-16T07:30:33Z" finished-at="2018-04-16T07:30:33Z">
          <reporter-output>
          </reporter-output>
        </test-method> <!-- teardown -->
      </class> <!-- e2e.Homepage -->
    </test> <!-- Default test -->
  </suite> <!-- Default suite -->
</testng-results>
